<?xml version="1.0" encoding="UTF-8"?>
<testsuite xmlns:xsi="http://www.w3.org/2001/XMLSchema-instance" xsi:noNamespaceSchemaLocation="https://maven.apache.org/surefire/maven-surefire-plugin/xsd/surefire-test-report.xsd" name="praktikum.BunTest" time="0.079" tests="4" errors="0" skipped="0" failures="0">
  <properties>
[...]
</properties>
  <testcase name="getPriceTest[0]" classname="praktikum.BunTest" time="0.004"/>
  <testcase name="getNameTest[0]" classname="praktikum.BunTest" time="0"/>
  <testcase name="getPriceTest[1]" classname="praktikum.BunTest" time="0"/>
  <testcase name="getNameTest[1]" classname="praktikum.BunTest" time="0"/>
</testsuite>